0 info it worked if it ends with ok
1 verbose cli [ '/usr/bin/node', '/usr/bin/npm', 'install', 'mongodb' ]
2 info using npm@2.11.3
3 info using node@v0.12.7
4 verbose node symlink /usr/bin/node
5 verbose install initial load of /home/emil/kurser/tdp013/lab3/package.json
6 verbose installManyTop reading scoped package data from /home/emil/kurser/tdp013/lab3/node_modules/express/package.json
7 verbose installManyTop reading scoped package data from /home/emil/kurser/tdp013/lab3/node_modules/monk/package.json
8 verbose installManyTop reading scoped package data from /home/emil/kurser/tdp013/lab3/node_modules/should/package.json
9 verbose installManyTop reading scoped package data from /home/emil/kurser/tdp013/lab3/node_modules/superagent/package.json
10 info package.json monk@1.0.1 No license field.
11 verbose readDependencies loading dependencies from /home/emil/kurser/tdp013/lab3/package.json
12 silly cache add args [ 'mongodb', null ]
13 verbose cache add spec mongodb
14 silly cache add parsed spec { raw: 'mongodb',
14 silly cache add   scope: null,
14 silly cache add   name: 'mongodb',
14 silly cache add   rawSpec: '',
14 silly cache add   spec: '*',
14 silly cache add   type: 'range' }
15 silly addNamed mongodb@*
16 verbose addNamed "*" is a valid semver range for mongodb
17 silly addNameRange { name: 'mongodb', range: '*', hasData: false }
18 silly mapToRegistry name mongodb
19 silly mapToRegistry using default registry
20 silly mapToRegistry registry https://registry.npmjs.org/
21 silly mapToRegistry uri https://registry.npmjs.org/mongodb
22 verbose addNameRange registry:https://registry.npmjs.org/mongodb not in flight; fetching
23 verbose request uri https://registry.npmjs.org/mongodb
24 verbose request no auth needed
25 info attempt registry request try #1 at 13:18:36
26 verbose request id d282a7ee3917d94c
27 verbose etag "4R1106J8FCB5YNUBP1G31ZBZL"
28 http request GET https://registry.npmjs.org/mongodb
29 http 304 https://registry.npmjs.org/mongodb
30 silly get cb [ 304,
30 silly get   { date: 'Mon, 14 Sep 2015 11:18:36 GMT',
30 silly get     via: '1.1 varnish',
30 silly get     'cache-control': 'max-age=60',
30 silly get     etag: '"4R1106J8FCB5YNUBP1G31ZBZL"',
30 silly get     age: '30',
30 silly get     connection: 'keep-alive',
30 silly get     'x-served-by': 'cache-fra1242-FRA',
30 silly get     'x-cache': 'HIT',
30 silly get     'x-cache-hits': '1',
30 silly get     'x-timer': 'S1442229516.844744,VS0,VE2',
30 silly get     vary: 'Accept' } ]
31 verbose etag https://registry.npmjs.org/mongodb from cache
32 verbose get saving mongodb to /home/emil/.npm/registry.npmjs.org/mongodb/.cache.json
33 silly addNameRange number 2 { name: 'mongodb', range: '*', hasData: true }
34 silly addNameRange versions [ 'mongodb',
34 silly addNameRange   [ '0.9.4',
34 silly addNameRange     '0.9.4-4',
34 silly addNameRange     '0.9.3',
34 silly addNameRange     '0.9.1',
34 silly addNameRange     '0.9.2',
34 silly addNameRange     '0.9.6-7',
34 silly addNameRange     '0.9.6-8',
34 silly addNameRange     '0.9.6-9',
34 silly addNameRange     '0.9.6-10',
34 silly addNameRange     '0.9.6-11',
34 silly addNameRange     '0.9.6-12',
34 silly addNameRange     '0.9.6-13',
34 silly addNameRange     '0.9.6-14',
34 silly addNameRange     '0.9.6-15',
34 silly addNameRange     '0.9.6-16',
34 silly addNameRange     '0.9.6-17',
34 silly addNameRange     '0.9.6-18',
34 silly addNameRange     '0.9.6-19',
34 silly addNameRange     '0.9.6-20',
34 silly addNameRange     '0.9.6-21',
34 silly addNameRange     '0.9.6-22',
34 silly addNameRange     '0.9.6-23',
34 silly addNameRange     '0.9.7',
34 silly addNameRange     '0.9.7-0',
34 silly addNameRange     '0.9.7-1',
34 silly addNameRange     '0.9.7-1.1',
34 silly addNameRange     '0.9.7-1.2',
34 silly addNameRange     '0.9.7-1.3',
34 silly addNameRange     '0.9.7-1.4',
34 silly addNameRange     '0.9.7-2',
34 silly addNameRange     '0.9.7-2-1',
34 silly addNameRange     '0.9.7-2-2',
34 silly addNameRange     '0.9.7-2-3',
34 silly addNameRange     '0.9.7-2-4',
34 silly addNameRange     '0.9.7-2-5',
34 silly addNameRange     '0.9.7-3',
34 silly addNameRange     '0.9.7-3-1',
34 silly addNameRange     '0.9.7-3-2',
34 silly addNameRange     '0.9.7-3-3',
34 silly addNameRange     '0.9.7-3-4',
34 silly addNameRange     '0.9.7-3-5',
34 silly addNameRange     '0.9.8',
34 silly addNameRange     '0.9.8-1',
34 silly addNameRange     '0.9.8-2',
34 silly addNameRange     '0.9.8-3',
34 silly addNameRange     '0.9.8-4',
34 silly addNameRange     '0.9.8-5',
34 silly addNameRange     '0.9.8-6',
34 silly addNameRange     '0.9.8-7',
34 silly addNameRange     '0.9.9',
34 silly addNameRange     '0.9.9-1',
34 silly addNameRange     '0.9.9-2',
34 silly addNameRange     '0.9.9-3',
34 silly addNameRange     '0.9.9-4',
34 silly addNameRange     '0.9.9-5',
34 silly addNameRange     '0.9.9-6',
34 silly addNameRange     '0.9.9-7',
34 silly addNameRange     '0.9.9-8',
34 silly addNameRange     '1.0.0',
34 silly addNameRange     '1.0.1',
34 silly addNameRange     '1.0.2',
34 silly addNameRange     '1.1.0-beta',
34 silly addNameRange     '1.1.0',
34 silly addNameRange     '1.1.1',
34 silly addNameRange     '1.1.2',
34 silly addNameRange     '1.1.3',
34 silly addNameRange     '1.1.4',
34 silly addNameRange     '1.1.5',
34 silly addNameRange     '1.1.6',
34 silly addNameRange     '1.1.7',
34 silly addNameRange     '1.1.8',
34 silly addNameRange     '1.1.9',
34 silly addNameRange     '1.1.10',
34 silly addNameRange     '1.1.11',
34 silly addNameRange     '1.2.0',
34 silly addNameRange     '1.2.1',
34 silly addNameRange     '1.2.2',
34 silly addNameRange     '1.2.3',
34 silly addNameRange     '1.2.4',
34 silly addNameRange     '1.2.5',
34 silly addNameRange     '1.2.6',
34 silly addNameRange     '1.2.7',
34 silly addNameRange     '1.2.8',
34 silly addNameRange     '1.2.9',
34 silly addNameRange     '1.2.10',
34 silly addNameRange     '1.2.11',
34 silly addNameRange     '1.2.12',
34 silly addNameRange     '1.2.13',
34 silly addNameRange     '1.2.14',
34 silly addNameRange     '1.3.0',
34 silly addNameRange     '1.3.1',
34 silly addNameRange     '1.3.2',
34 silly addNameRange     '1.3.3',
34 silly addNameRange     '1.3.4',
34 silly addNameRange     '1.3.5',
34 silly addNameRange     '1.3.6',
34 silly addNameRange     '1.3.7',
34 silly addNameRange     '1.3.8',
34 silly addNameRange     '1.3.9',
34 silly addNameRange     '1.3.10',
34 silly addNameRange     '1.3.11',
34 silly addNameRange     '1.3.12',
34 silly addNameRange     '1.3.14',
34 silly addNameRange     '1.3.15',
34 silly addNameRange     '1.3.17',
34 silly addNameRange     '1.3.18',
34 silly addNameRange     '1.3.19',
34 silly addNameRange     '1.4.0-rc2',
34 silly addNameRange     '1.3.20',
34 silly addNameRange     '1.4.0-rc3',
34 silly addNameRange     '1.3.21',
34 silly addNameRange     '1.3.22',
34 silly addNameRange     '1.3.23',
34 silly addNameRange     '1.4.0-rc4',
34 silly addNameRange     '1.4.0-rc5',
34 silly addNameRange     '1.4.0-rc6',
34 silly addNameRange     '1.4.0-rc7',
34 silly addNameRange     '1.4.0-rc8',
34 silly addNameRange     '1.4.0-rc9',
34 silly addNameRange     '1.4.0-rc10',
34 silly addNameRange     '1.4.0',
34 silly addNameRange     '1.4.1',
34 silly addNameRange     '1.4.2',
34 silly addNameRange     '1.4.3',
34 silly addNameRange     '1.4.4',
34 silly addNameRange     '1.4.5',
34 silly addNameRange     '1.4.6',
34 silly addNameRange     '1.4.7',
34 silly addNameRange     '1.4.8',
34 silly addNameRange     '1.4.9',
34 silly addNameRange     '1.4.10',
34 silly addNameRange     '2.0.0-alpha1',
34 silly addNameRange     '1.4.11',
34 silly addNameRange     '1.4.12',
34 silly addNameRange     '1.4.14',
34 silly addNameRange     '1.4.15',
34 silly addNameRange     '1.4.16',
34 silly addNameRange     '1.4.17',
34 silly addNameRange     '2.0.0-alpha2',
34 silly addNameRange     '1.4.18',
34 silly addNameRange     '2.0.0',
34 silly addNameRange     '2.0.1',
34 silly addNameRange     '2.0.2',
34 silly addNameRange     '1.4.19',
34 silly addNameRange     '2.0.3',
34 silly addNameRange     '2.0.4',
34 silly addNameRange     '2.0.5',
34 silly addNameRange     '2.0.6',
34 silly addNameRange     '1.4.20',
34 silly addNameRange     '1.4.22',
34 silly addNameRange     '2.0.7',
34 silly addNameRange     '2.0.8',
34 silly addNameRange     '2.0.9',
34 silly addNameRange     '1.4.23',
34 silly addNameRange     '2.0.10',
34 silly addNameRange     '1.4.24',
34 silly addNameRange     '2.0.11',
34 silly addNameRange     '1.4.25',
34 silly addNameRange     '2.0.12',
34 silly addNameRange     '1.4.26',
34 silly addNameRange     '1.4.27',
34 silly addNameRange     '1.4.28',
34 silly addNameRange     '2.0.13',
34 silly addNameRange     '2.0.14',
34 silly addNameRange     '1.4.29',
34 silly addNameRange     '2.0.15',
34 silly addNameRange     '1.4.30',
34 silly addNameRange     '2.0.16',
34 silly addNameRange     '1.4.31',
34 silly addNameRange     '2.0.17',
34 silly addNameRange     '1.4.32',
34 silly addNameRange     '2.0.18',
34 silly addNameRange     '2.0.19',
34 silly addNameRange     '1.4.33',
34 silly addNameRange     '2.0.20',
34 silly addNameRange     '2.0.21',
34 silly addNameRange     '1.4.34',
34 silly addNameRange     '2.0.22',
34 silly addNameRange     '2.0.23',
34 silly addNameRange     '1.4.35',
34 silly addNameRange     '2.0.24',
34 silly addNameRange     '2.0.25',
34 silly addNameRange     '2.0.26',
34 silly addNameRange     '2.0.27',
34 silly addNameRange     '2.0.28',
34 silly addNameRange     '2.0.29',
34 silly addNameRange     '1.4.36',
34 silly addNameRange     '2.0.30',
34 silly addNameRange     '1.4.37',
34 silly addNameRange     '2.0.31',
34 silly addNameRange     '1.4.38',
34 silly addNameRange     '2.0.32',
34 silly addNameRange     '2.0.33',
34 silly addNameRange     '2.1.0-alpha',
34 silly addNameRange     '2.0.34',
34 silly addNameRange     '2.0.35',
34 silly addNameRange     '2.0.36',
34 silly addNameRange     '2.0.37',
34 silly addNameRange     '2.0.38',
34 silly addNameRange     '2.0.39',
34 silly addNameRange     '1.4.39',
34 silly addNameRange     '2.0.40',
34 silly addNameRange     '2.0.41',
34 silly addNameRange     '2.0.42',
34 silly addNameRange     '2.0.43' ] ]
35 silly addNamed mongodb@2.0.43
36 verbose addNamed "2.0.43" is a plain semver version for mongodb
37 silly mapToRegistry name mongodb
38 silly mapToRegistry using default registry
39 silly mapToRegistry registry https://registry.npmjs.org/
40 silly mapToRegistry uri https://registry.npmjs.org/mongodb
41 verbose addRemoteTarball https://registry.npmjs.org/mongodb/-/mongodb-2.0.43.tgz not in flight; adding
42 verbose addRemoteTarball [ 'https://registry.npmjs.org/mongodb/-/mongodb-2.0.43.tgz',
42 verbose addRemoteTarball   'e90222cd33758549e6f4e126bc9f41c380d3689c' ]
43 info retry fetch attempt 1 at 13:18:36
44 info attempt registry request try #1 at 13:18:36
45 http fetch GET https://registry.npmjs.org/mongodb/-/mongodb-2.0.43.tgz
46 http fetch 200 https://registry.npmjs.org/mongodb/-/mongodb-2.0.43.tgz
47 silly fetchAndShaCheck shasum e90222cd33758549e6f4e126bc9f41c380d3689c
48 verbose addTmpTarball /tmp/npm-3278-abe1b71b/registry.npmjs.org/mongodb/-/mongodb-2.0.43.tgz not in flight; adding
49 verbose addTmpTarball already have metadata; skipping unpack for mongodb@2.0.43
50 silly cache afterAdd mongodb@2.0.43
51 verbose afterAdd /home/emil/.npm/mongodb/2.0.43/package/package.json not in flight; writing
52 verbose afterAdd /home/emil/.npm/mongodb/2.0.43/package/package.json written
53 silly install resolved [ { name: 'mongodb',
53 silly install resolved     version: '2.0.43',
53 silly install resolved     description: 'MongoDB legacy driver emulation layer on top of mongodb-core',
53 silly install resolved     main: 'index.js',
53 silly install resolved     repository:
53 silly install resolved      { type: 'git',
53 silly install resolved        url: 'git@github.com:mongodb/node-mongodb-native.git' },
53 silly install resolved     keywords: [ 'mongodb', 'driver', 'legacy' ],
53 silly install resolved     dependencies:
53 silly install resolved      { 'mongodb-core': '1.2.12',
53 silly install resolved        'readable-stream': '1.0.31',
53 silly install resolved        'es6-promise': '2.1.1' },
53 silly install resolved     devDependencies:
53 silly install resolved      { integra: '0.1.8',
53 silly install resolved        optimist: '0.6.1',
53 silly install resolved        bson: '~0.4',
53 silly install resolved        jsdoc: '3.3.0-beta3',
53 silly install resolved        semver: '4.1.0',
53 silly install resolved        rimraf: '2.2.6',
53 silly install resolved        gleak: '0.5.0',
53 silly install resolved        'mongodb-version-manager': '^0.7.1',
53 silly install resolved        'mongodb-tools': '~1.0',
53 silly install resolved        co: '4.5.4',
53 silly install resolved        bluebird: '2.9.27' },
53 silly install resolved     author: { name: 'Christian Kvalheim' },
53 silly install resolved     license: 'Apache-2.0',
53 silly install resolved     bugs: { url: 'https://github.com/mongodb/node-mongodb-native/issues' },
53 silly install resolved     scripts: { test: 'node test/runner.js -t functional' },
53 silly install resolved     homepage: 'https://github.com/mongodb/node-mongodb-native',
53 silly install resolved     gitHead: '6c6cdd1816126796b5d81f4453f4e7150416b831',
53 silly install resolved     _id: 'mongodb@2.0.43',
53 silly install resolved     _shasum: 'e90222cd33758549e6f4e126bc9f41c380d3689c',
53 silly install resolved     _from: 'mongodb@*',
53 silly install resolved     _npmVersion: '2.11.3',
53 silly install resolved     _nodeVersion: '0.12.7',
53 silly install resolved     _npmUser: { name: 'christkv', email: 'christkv@gmail.com' },
53 silly install resolved     maintainers: [ [Object] ],
53 silly install resolved     dist:
53 silly install resolved      { shasum: 'e90222cd33758549e6f4e126bc9f41c380d3689c',
53 silly install resolved        tarball: 'http://registry.npmjs.org/mongodb/-/mongodb-2.0.43.tgz' },
53 silly install resolved     directories: {},
53 silly install resolved     _resolved: 'https://registry.npmjs.org/mongodb/-/mongodb-2.0.43.tgz' } ]
54 info install mongodb@2.0.43 into /home/emil/kurser/tdp013/lab3
55 info installOne mongodb@2.0.43
56 verbose installOne of mongodb to /home/emil/kurser/tdp013/lab3 not in flight; installing
57 warn locking Error: EACCES, open '/home/emil/.npm/_locks/mongodb-afc4e5f88bf0f62a.lock'
57 warn locking     at Error (native)
57 warn locking  /home/emil/.npm/_locks/mongodb-afc4e5f88bf0f62a.lock failed { [Error: EACCES, open '/home/emil/.npm/_locks/mongodb-afc4e5f88bf0f62a.lock']
57 warn locking   errno: -13,
57 warn locking   code: 'EACCES',
57 warn locking   path: '/home/emil/.npm/_locks/mongodb-afc4e5f88bf0f62a.lock' }
58 verbose stack Error: Attempt to unlock /home/emil/kurser/tdp013/lab3/node_modules/mongodb, which hasn't been locked
58 verbose stack     at unlock (/usr/lib/node_modules/npm/lib/utils/locker.js:66:11)
58 verbose stack     at cb (/usr/lib/node_modules/npm/lib/install.js:1017:5)
58 verbose stack     at /usr/lib/node_modules/npm/lib/install.js:1021:20
58 verbose stack     at /usr/lib/node_modules/npm/lib/utils/locker.js:40:9
58 verbose stack     at cb (/usr/lib/node_modules/npm/node_modules/lockfile/lockfile.js:149:38)
58 verbose stack     at /usr/lib/node_modules/npm/node_modules/lockfile/lockfile.js:177:38
58 verbose stack     at FSReqWrap.oncomplete (fs.js:95:15)
59 verbose cwd /home/emil/kurser/tdp013/lab3
60 error Linux 3.13.0-24-generic
61 error argv "/usr/bin/node" "/usr/bin/npm" "install" "mongodb"
62 error node v0.12.7
63 error npm  v2.11.3
64 error Attempt to unlock /home/emil/kurser/tdp013/lab3/node_modules/mongodb, which hasn't been locked
65 error If you need help, you may report this error at:
65 error     <https://github.com/npm/npm/issues>
66 verbose exit [ 1, true ]
